[05/07/2026 02:32:09] [INFO] RadioVision démarré
[05/07/2026 02:32:14] [INFO] Capture démarrée
[05/07/2026 02:32:30] [INFO] Capture arrêtée
[05/07/2026 02:32:37] [INFO] Capture démarrée
[05/07/2026 02:32:51] [INFO] Capture arrêtée
[05/07/2026 02:33:16] [INFO] RadioVision démarré
[05/07/2026 02:33:20] [INFO] Capture arrêtée
[05/07/2026 02:33:21] [INFO] Capture démarrée
[05/07/2026 02:33:22] [INFO] Capture arrêtée
[05/07/2026 02:35:13] [INFO] RadioVision démarré
[05/07/2026 02:36:04] [INFO] Capture démarrée
[05/07/2026 02:36:06] [INFO] Capture arrêtée
[05/07/2026 02:36:06] [INFO] Capture démarrée
[05/07/2026 02:36:07] [INFO] Capture arrêtée
[05/07/2026 02:36:08] [INFO] Capture démarrée
[05/07/2026 02:36:09] [INFO] Capture arrêtée
[05/07/2026 02:36:09] [INFO] Capture démarrée
[05/07/2026 02:36:10] [INFO] Capture arrêtée
[05/07/2026 17:40:35] [INFO] RadioVision démarré
[05/07/2026 18:04:39] [INFO] RadioVision démarré
[05/07/2026 18:04:43] [INFO] Démarrage
[05/07/2026 18:04:50] [INFO] Arrêt
[05/07/2026 18:05:58] [INFO] RadioVision démarré
[05/07/2026 18:06:54] [INFO] RadioVision démarré
[05/07/2026 18:06:57] [INFO] Démarrage
[05/07/2026 18:21:44] [INFO] RadioVision démarré
[05/07/2026 18:23:01] [INFO] RadioVision démarré
[05/07/2026 18:25:34] [INFO] RadioVision démarré
[05/07/2026 18:25:42] [INFO] Capture démarrée
[05/07/2026 18:26:49] [INFO] Capture arrêtée
[05/07/2026 18:29:08] [INFO] RadioVision démarré
[05/07/2026 18:29:10] [INFO] Capture démarrée
[05/07/2026 18:29:39] [INFO] Capture arrêtée
[05/07/2026 18:33:05] [INFO] RadioVision démarré
[05/07/2026 18:33:06] [INFO] Capture démarrée
[05/07/2026 18:34:23] [INFO] Capture arrêtée
[05/07/2026 18:41:08] [INFO] RadioVision démarré
[05/07/2026 18:42:28] [INFO] RadioVision démarré
[05/07/2026 18:42:30] [INFO] Capture démarrée
[05/07/2026 18:55:39] [INFO] RadioVision démarré
[05/07/2026 19:05:05] [INFO] RadioVision démarré
[05/07/2026 19:05:08] [INFO] Capture démarrée
[05/07/2026 19:07:49] [INFO] RadioVision démarré
[05/07/2026 19:07:50] [INFO] Capture démarrée
[05/07/2026 19:08:52] [INFO] Capture arrêtée
[05/07/2026 19:11:59] [INFO] RadioVision démarré
[05/07/2026 19:12:01] [INFO] Capture démarrée
[05/07/2026 19:12:23] [INFO] RadioVision démarré
[05/07/2026 19:12:24] [INFO] Capture démarrée
[05/07/2026 19:12:48] [INFO] Capture arrêtée
[05/07/2026 19:18:14] [INFO] RadioVision démarré
[05/07/2026 19:18:17] [INFO] Capture démarrée
[05/07/2026 19:18:57] [INFO] Capture arrêtée
